<?xml version="1.0" encoding="UTF-8"?>
<testsuite xmlns:xsi="http://www.w3.org/2001/XMLSchema-instance" xsi:noNamespaceSchemaLocation="https://maven.apache.org/surefire/maven-surefire-plugin/xsd/surefire-test-report-3.0.xsd" version="3.0" name="com.example.payload.KafkaPayloadProcessorTest" time="5.109" tests="1" errors="0" skipped="0" failures="0">
  <properties>
[...]
</properties>
  <testcase name="testMultiplePayloadsProcessing" classname="com.example.payload.KafkaPayloadProcessorTest" time="5.099">
    <system-out><![CDATA[Processing payload payload-1, key key2, batch 1 with 10 records
Processing payload payload-1, key key3, batch 5 with 10 records
Processing payload payload-1, key key0, batch 2 with 10 records
Processing payload payload-1, key key1, batch 0 with 10 records
Processing payload payload-1, key key4, batch 6 with 10 records
Processing payload payload-1, key key7, batch 8 with 10 records
Processing payload payload-1, key key6, batch 4 with 10 records
Processing payload payload-2, key key3, batch 5 with 10 records
Processing payload payload-1, key key8, batch 9 with 10 records
Processing payload payload-1, key key5, batch 3 with 10 records
Processing payload payload-2, key key0, batch 2 with 10 records
Processing payload payload-2, key key7, batch 8 with 10 records
Processing payload payload-2, key key2, batch 1 with 10 records
Processing payload payload-3, key key3, batch 5 with 10 records
Processing payload payload-2, key key4, batch 6 with 10 records
Processing payload payload-1, key key9, batch 7 with 10 records
Processing payload payload-2, key key8, batch 9 with 10 records
Processing payload payload-3, key key7, batch 8 with 10 records
Processing payload payload-2, key key6, batch 4 with 10 records
Processing payload payload-2, key key1, batch 0 with 10 records
Processing payload payload-3, key key0, batch 2 with 10 records
Processing payload payload-3, key key2, batch 1 with 10 records
Processing payload payload-3, key key4, batch 6 with 10 records
Processing payload payload-2, key key5, batch 3 with 10 records
Processing payload payload-3, key key8, batch 9 with 10 records
Processing payload payload-3, key key6, batch 4 with 10 records
Processing payload payload-2, key key9, batch 7 with 10 records
Processing payload payload-3, key key1, batch 0 with 10 records
Processing payload payload-3, key key5, batch 3 with 10 records
Processing payload payload-3, key key9, batch 7 with 10 records
Payload payload-1 COMPLETED. Status: SUCCESS
Payload payload-2 COMPLETED. Status: SUCCESS
Payload payload-3 COMPLETED. Status: SUCCESS
]]></system-out>
  </testcase>
</testsuite>